<?xml version="1.0" encoding="UTF-8"?>
<testng-results skipped="0" failed="0" total="2" passed="2">
  <reporter-output>
  </reporter-output>
  <suite name="Cucumber Suite" duration-ms="108779" started-at="2017-04-09T11:46:17Z" finished-at="2017-04-09T11:48:06Z">
    <groups>
      <group name="cucumber">
        <method signature="AbstractTestNGCucumberTests.feature(cucumber.api.testng.CucumberFeatureWrapper)[pri:0, instance:com.testrunner.TestRunner@42e26948]" name="feature" class="cucumber.api.testng.AbstractTestNGCucumberTests"/>
      </group> <!-- cucumber -->
    </groups>
    <test name="Cucumber Test1" duration-ms="108779" started-at="2017-04-09T11:46:17Z" finished-at="2017-04-09T11:48:06Z">
      <class name="com.testrunner.TestRunner">
        <test-method status="PASS" signature="setUpClass()[pri:0, instance:com.testrunner.TestRunner@42e26948]" name="setUpClass" is-config="true" duration-ms="270" started-at="2017-04-09T17:16:17Z" finished-at="2017-04-09T17:16:18Z">
          <reporter-output>
          </reporter-output>
        </test-method> <!-- setUpClass -->
        <test-method status="PASS" signature="beforeSetup(java.lang.String, java.lang.String, java.lang.String, java.lang.String, java.lang.String, java.lang.String, java.lang.String, java.lang.String, java.lang.String, java.lang.String)[pri:0, instance:com.testrunner.TestRunner@42e26948]" name="beforeSetup" is-config="true" duration-ms="20570" started-at="2017-04-09T17:16:18Z" finished-at="2017-04-09T17:16:38Z">
          <params>
            <param index="0">
              <value>
                <![CDATA[Device]]>
              </value>
            </param>
            <param index="1">
              <value>
                <![CDATA[Moto G5 Plus]]>
              </value>
            </param>
            <param index="2">
              <value>
                <![CDATA[Android]]>
              </value>
            </param>
            <param index="3">
              <value>
                <![CDATA[7.0]]>
              </value>
            </param>
            <param index="4">
              <value>
                <![CDATA[]]>
              </value>
            </param>
            <param index="5">
              <value>
                <![CDATA[]]>
              </value>
            </param>
            <param index="6">
              <value>
                <![CDATA[/Users/ashwin/work/learning/sevenpounds/resources/JabongOnlineFashionShopping.apk]]>
              </value>
            </param>
            <param index="7">
              <value>
                <![CDATA[127.0.0.1]]>
              </value>
            </param>
            <param index="8">
              <value>
                <![CDATA[ZY223XL54B]]>
              </value>
            </param>
            <param index="9">
              <value>
                <![CDATA[4723]]>
              </value>
            </param>
          </params>
          <reporter-output>
          </reporter-output>
        </test-method> <!-- beforeSetup -->
        <test-method status="PASS" signature="feature(cucumber.api.testng.CucumberFeatureWrapper)[pri:0, instance:com.testrunner.TestRunner@42e26948]" name="feature" duration-ms="85345" started-at="2017-04-09T17:16:38Z" description="Runs Cucumber Feature" data-provider="features" finished-at="2017-04-09T17:18:04Z">
          <params>
            <param index="0">
              <value>
                <![CDATA[Dashboard Functionality]]>
              </value>
            </param>
          </params>
          <reporter-output>
          </reporter-output>
        </test-method> <!-- feature -->
        <test-method status="PASS" signature="feature(cucumber.api.testng.CucumberFeatureWrapper)[pri:0, instance:com.testrunner.TestRunner@42e26948]" name="feature" duration-ms="3" started-at="2017-04-09T17:18:04Z" description="Runs Cucumber Feature" data-provider="features" finished-at="2017-04-09T17:18:04Z">
          <params>
            <param index="0">
              <value>
                <![CDATA[Men's Page Feature]]>
              </value>
            </param>
          </params>
          <reporter-output>
          </reporter-output>
        </test-method> <!-- feature -->
        <test-method status="PASS" signature="shutDown()[pri:0, instance:com.testrunner.TestRunner@42e26948]" name="shutDown" is-config="true" duration-ms="2467" started-at="2017-04-09T17:18:04Z" finished-at="2017-04-09T17:18:06Z">
          <reporter-output>
          </reporter-output>
        </test-method> <!-- shutDown -->
        <test-method status="PASS" signature="tearDownClass()[pri:0, instance:com.testrunner.TestRunner@42e26948]" name="tearDownClass" is-config="true" duration-ms="15" started-at="2017-04-09T17:18:06Z" finished-at="2017-04-09T17:18:06Z">
          <reporter-output>
          </reporter-output>
        </test-method> <!-- tearDownClass -->
      </class> <!-- com.testrunner.TestRunner -->
    </test> <!-- Cucumber Test1 -->
  </suite> <!-- Cucumber Suite -->
</testng-results>
